[debug] [2023-03-07T10:23:19.524Z] ----------------------------------------------------------------------
[debug] [2023-03-07T10:23:19.525Z] Command:       C:\Program Files\nodejs\node.exe C:\Users\vantr\AppData\Roaming\npm\node_modules\firebase-tools\lib\bin\firebase.js login --reauth
[debug] [2023-03-07T10:23:19.526Z] CLI Version:   11.2.1
[debug] [2023-03-07T10:23:19.526Z] Platform:      win32
[debug] [2023-03-07T10:23:19.526Z] Node Version:  v16.18.0
[debug] [2023-03-07T10:23:19.527Z] Time:          Tue Mar 07 2023 17:23:19 GMT+0700 (Indochina Time)
[debug] [2023-03-07T10:23:19.528Z] ----------------------------------------------------------------------
[debug] 
[debug] [2023-03-07T10:23:19.530Z] >>> [apiv2][query] GET https://firebase-public.firebaseio.com/cli.json [none]
[info] 
[info] Visit this URL on this device to log in:
[info] https://accounts.google.com/o/oauth2/auth?client_id=563584335869-fgrhgmd47bqnekij5i8b5pr03ho849e6.apps.googleusercontent.com&scope=email%20openid%20https%3A%2F%2Fwww.googleapis.com%2Fauth%2Fcloudplatformprojects.readonly%20https%3A%2F%2Fwww.googleapis.com%2Fauth%2Ffirebase%20https%3A%2F%2Fwww.googleapis.com%2Fauth%2Fcloud-platform&response_type=code&state=706976696&redirect_uri=http%3A%2F%2Flocalhost%3A9005&login_hint=adgptc%40gmail.com
[info] 
[info] Waiting for authentication...
[debug] [2023-03-07T10:23:19.561Z] Error: spawn cmd ENOENT
    at Process.ChildProcess._handle.onexit (node:internal/child_process:285:19)
    at onErrorNT (node:internal/child_process:485:16)
    at processTicksAndRejections (node:internal/process/task_queues:83:21)
[error] 
[error] Error: An unexpected error has occurred.
